c:\myfiles\codingprojects\gitprojects\nsu_projects_cplusplus\gameoflife\x64\debug\vc143.pdb
c:\myfiles\codingprojects\gitprojects\nsu_projects_cplusplus\gameoflife\x64\debug\vc143.idb
c:\myfiles\codingprojects\gitprojects\nsu_projects_cplusplus\gameoflife\x64\debug\celltests.obj
c:\myfiles\codingprojects\gitprojects\nsu_projects_cplusplus\gameoflife\x64\debug\main.obj
c:\myfiles\codingprojects\gitprojects\nsu_projects_cplusplus\gameoflife\x64\debug\commandstatetests.obj
c:\myfiles\codingprojects\gitprojects\nsu_projects_cplusplus\gameoflife\x64\debug\messagetests.obj
c:\myfiles\codingprojects\gitprojects\nsu_projects_cplusplus\gameoflife\x64\debug\consoleparsertests.obj
c:\myfiles\codingprojects\gitprojects\nsu_projects_cplusplus\gameoflife\x64\debug\consoleparser.obj
c:\myfiles\codingprojects\gitprojects\nsu_projects_cplusplus\gameoflife\x64\debug\fileparsertests.obj
c:\myfiles\codingprojects\gitprojects\nsu_projects_cplusplus\gameoflife\x64\debug\fieldtests.obj
c:\myfiles\codingprojects\gitprojects\nsu_projects_cplusplus\gameoflife\x64\debug\game.obj
c:\myfiles\codingprojects\gitprojects\nsu_projects_cplusplus\gameoflife\x64\debug\gamestate.obj
c:\myfiles\codingprojects\gitprojects\nsu_projects_cplusplus\gameoflife\x64\debug\fileparser.obj
c:\myfiles\codingprojects\gitprojects\nsu_projects_cplusplus\gameoflife\x64\debug\field.obj
c:\myfiles\codingprojects\gitprojects\nsu_projects_cplusplus\gameoflife\x64\debug\message.obj
c:\myfiles\codingprojects\gitprojects\nsu_projects_cplusplus\gameoflife\x64\debug\commandstate.obj
c:\myfiles\codingprojects\gitprojects\nsu_projects_cplusplus\gameoflife\x64\debug\cell.obj
c:\myfiles\codingprojects\gitprojects\nsu_projects_cplusplus\gameoflife\x64\debug\gmock.dll
c:\myfiles\codingprojects\gitprojects\nsu_projects_cplusplus\gameoflife\gameoflifetests\x64\debug\gmock.dll
c:\myfiles\codingprojects\gitprojects\nsu_projects_cplusplus\gameoflife\x64\debug\gameoflife.exe
c:\myfiles\codingprojects\gitprojects\nsu_projects_cplusplus\gameoflife\x64\debug\gameoflife.ilk
c:\myfiles\codingprojects\gitprojects\nsu_projects_cplusplus\gameoflife\x64\debug\gameoflife.pdb
c:\myfiles\codingprojects\gitprojects\nsu_projects_cplusplus\gameoflife\x64\debug\gameoflife.obj
c:\myfiles\codingprojects\gitprojects\nsu_projects_cplusplus\gameoflife\x64\debug\gamestatetests.obj
c:\myfiles\codingprojects\gitprojects\nsu_projects_cplusplus\gameoflife\x64\debug\gametests.obj
c:\myfiles\codingprojects\gitprojects\nsu_projects_cplusplus\gameoflife\x64\debug\game.obj.enc
c:\myfiles\codingprojects\gitprojects\nsu_projects_cplusplus\gameoflife\x64\debug\gameoflifetests.pdb
c:\myfiles\codingprojects\gitprojects\nsu_projects_cplusplus\gameoflife\x64\debug\gameoflife.tlog\cl.command.1.tlog
c:\myfiles\codingprojects\gitprojects\nsu_projects_cplusplus\gameoflife\x64\debug\gameoflife.tlog\cl.items.tlog
c:\myfiles\codingprojects\gitprojects\nsu_projects_cplusplus\gameoflife\x64\debug\gameoflife.tlog\cl.read.1.tlog
c:\myfiles\codingprojects\gitprojects\nsu_projects_cplusplus\gameoflife\x64\debug\gameoflife.tlog\cl.write.1.tlog
c:\myfiles\codingprojects\gitprojects\nsu_projects_cplusplus\gameoflife\x64\debug\gameoflife.tlog\gameoflife.write.1u.tlog
c:\myfiles\codingprojects\gitprojects\nsu_projects_cplusplus\gameoflife\x64\debug\gameoflife.tlog\link.command.1.tlog
c:\myfiles\codingprojects\gitprojects\nsu_projects_cplusplus\gameoflife\x64\debug\gameoflife.tlog\link.read.1.tlog
c:\myfiles\codingprojects\gitprojects\nsu_projects_cplusplus\gameoflife\x64\debug\gameoflife.tlog\link.write.1.tlog
